Determining if the pthread_create exist failed with the following output:
Change Dir: /home/ritvik/3dscanning/bundle-adjustment/CMakeFiles/CMakeTmp

Run Build Command:"/usr/bin/make" "cmTC_0c8bd/fast"
/usr/bin/make -f CMakeFiles/cmTC_0c8bd.dir/build.make CMakeFiles/cmTC_0c8bd.dir/build
make[1]: Entering directory '/home/ritvik/3dscanning/bundle-adjustment/CMakeFiles/CMakeTmp'
Building C object CMakeFiles/cmTC_0c8bd.dir/CheckSymbolExists.c.o
/usr/bin/cc    -o CMakeFiles/cmTC_0c8bd.dir/CheckSymbolExists.c.o   -c /home/ritvik/3dscanning/bundle-adjustment/CMakeFiles/CMakeTmp/CheckSymbolExists.c
Linking C executable cmTC_0c8bd
/home/ritvik/3dscanning/clion-2018.1.1/bin/cmake/bin/cmake -E cmake_link_script CMakeFiles/cmTC_0c8bd.dir/link.txt --verbose=1
/usr/bin/cc      -rdynamic CMakeFiles/cmTC_0c8bd.dir/CheckSymbolExists.c.o  -o cmTC_0c8bd 
CMakeFiles/cmTC_0c8bd.dir/CheckSymbolExists.c.o: In function `main':
CheckSymbolExists.c:(.text+0x16): undefined reference to `pthread_create'
collect2: error: ld returned 1 exit status
CMakeFiles/cmTC_0c8bd.dir/build.make:97: recipe for target 'cmTC_0c8bd' failed
make[1]: *** [cmTC_0c8bd] Error 1
make[1]: Leaving directory '/home/ritvik/3dscanning/bundle-adjustment/CMakeFiles/CMakeTmp'
Makefile:126: recipe for target 'cmTC_0c8bd/fast' failed
make: *** [cmTC_0c8bd/fast] Error 2

File /home/ritvik/3dscanning/bundle-adjustment/CMakeFiles/CMakeTmp/CheckSymbolExists.c:
/* */
#include <pthread.h>

int main(int argc, char** argv)
{
  (void)argv;
#ifndef pthread_create
  return ((int*)(&pthread_create))[argc];
#else
  (void)argc;
  return 0;
#endif
}

Determining if the function pthread_create exists in the pthreads failed with the following output:
Change Dir: /home/ritvik/3dscanning/bundle-adjustment/CMakeFiles/CMakeTmp

Run Build Command:"/usr/bin/make" "cmTC_7f464/fast"
/usr/bin/make -f CMakeFiles/cmTC_7f464.dir/build.make CMakeFiles/cmTC_7f464.dir/build
make[1]: Entering directory '/home/ritvik/3dscanning/bundle-adjustment/CMakeFiles/CMakeTmp'
Building C object CMakeFiles/cmTC_7f464.dir/CheckFunctionExists.c.o
/usr/bin/cc   -DCHECK_FUNCTION_EXISTS=pthread_create   -o CMakeFiles/cmTC_7f464.dir/CheckFunctionExists.c.o   -c /home/ritvik/3dscanning/clion-2018.1.1/bin/cmake/share/cmake-3.10/Modules/CheckFunctionExists.c
Linking C executable cmTC_7f464
/home/ritvik/3dscanning/clion-2018.1.1/bin/cmake/bin/cmake -E cmake_link_script CMakeFiles/cmTC_7f464.dir/link.txt --verbose=1
/usr/bin/cc  -DCHECK_FUNCTION_EXISTS=pthread_create    -rdynamic CMakeFiles/cmTC_7f464.dir/CheckFunctionExists.c.o  -o cmTC_7f464 -lpthreads 
/usr/bin/ld: cannot find -lpthreads
collect2: error: ld returned 1 exit status
CMakeFiles/cmTC_7f464.dir/build.make:97: recipe for target 'cmTC_7f464' failed
make[1]: *** [cmTC_7f464] Error 1
make[1]: Leaving directory '/home/ritvik/3dscanning/bundle-adjustment/CMakeFiles/CMakeTmp'
Makefile:126: recipe for target 'cmTC_7f464/fast' failed
make: *** [cmTC_7f464/fast] Error 2


Determining if the pthread_create exist failed with the following output:
Change Dir: /home/ritvik/3dscanning/bundle-adjustment/CMakeFiles/CMakeTmp

Run Build Command:"/usr/bin/make" "cmTC_e3bd3/fast"
/usr/bin/make -f CMakeFiles/cmTC_e3bd3.dir/build.make CMakeFiles/cmTC_e3bd3.dir/build
make[1]: Entering directory '/home/ritvik/3dscanning/bundle-adjustment/CMakeFiles/CMakeTmp'
Building C object CMakeFiles/cmTC_e3bd3.dir/CheckSymbolExists.c.o
/usr/bin/cc     -o CMakeFiles/cmTC_e3bd3.dir/CheckSymbolExists.c.o   -c /home/ritvik/3dscanning/bundle-adjustment/CMakeFiles/CMakeTmp/CheckSymbolExists.c
Linking C executable cmTC_e3bd3
/usr/bin/cmake -E cmake_link_script CMakeFiles/cmTC_e3bd3.dir/link.txt --verbose=1
/usr/bin/cc       CMakeFiles/cmTC_e3bd3.dir/CheckSymbolExists.c.o  -o cmTC_e3bd3 -rdynamic 
CMakeFiles/cmTC_e3bd3.dir/CheckSymbolExists.c.o: In function `main':
CheckSymbolExists.c:(.text+0x16): undefined reference to `pthread_create'
collect2: error: ld returned 1 exit status
CMakeFiles/cmTC_e3bd3.dir/build.make:97: recipe for target 'cmTC_e3bd3' failed
make[1]: *** [cmTC_e3bd3] Error 1
make[1]: Leaving directory '/home/ritvik/3dscanning/bundle-adjustment/CMakeFiles/CMakeTmp'
Makefile:126: recipe for target 'cmTC_e3bd3/fast' failed
make: *** [cmTC_e3bd3/fast] Error 2

File /home/ritvik/3dscanning/bundle-adjustment/CMakeFiles/CMakeTmp/CheckSymbolExists.c:
/* */
#include <pthread.h>

int main(int argc, char** argv)
{
  (void)argv;
#ifndef pthread_create
  return ((int*)(&pthread_create))[argc];
#else
  (void)argc;
  return 0;
#endif
}

Determining if the function pthread_create exists in the pthreads failed with the following output:
Change Dir: /home/ritvik/3dscanning/bundle-adjustment/CMakeFiles/CMakeTmp

Run Build Command:"/usr/bin/make" "cmTC_8273e/fast"
/usr/bin/make -f CMakeFiles/cmTC_8273e.dir/build.make CMakeFiles/cmTC_8273e.dir/build
make[1]: Entering directory '/home/ritvik/3dscanning/bundle-adjustment/CMakeFiles/CMakeTmp'
Building C object CMakeFiles/cmTC_8273e.dir/CheckFunctionExists.c.o
/usr/bin/cc    -DCHECK_FUNCTION_EXISTS=pthread_create   -o CMakeFiles/cmTC_8273e.dir/CheckFunctionExists.c.o   -c /usr/share/cmake-3.5/Modules/CheckFunctionExists.c
Linking C executable cmTC_8273e
/usr/bin/cmake -E cmake_link_script CMakeFiles/cmTC_8273e.dir/link.txt --verbose=1
/usr/bin/cc   -DCHECK_FUNCTION_EXISTS=pthread_create    CMakeFiles/cmTC_8273e.dir/CheckFunctionExists.c.o  -o cmTC_8273e -rdynamic -lpthreads 
/usr/bin/ld: cannot find -lpthreads
collect2: error: ld returned 1 exit status
CMakeFiles/cmTC_8273e.dir/build.make:97: recipe for target 'cmTC_8273e' failed
make[1]: *** [cmTC_8273e] Error 1
make[1]: Leaving directory '/home/ritvik/3dscanning/bundle-adjustment/CMakeFiles/CMakeTmp'
Makefile:126: recipe for target 'cmTC_8273e/fast' failed
make: *** [cmTC_8273e/fast] Error 2


